********
epoch:1    time:817.7994267940521
train_loss:0.7956107615416448
SHAPE:(1024, 1024)
********
epoch:2    time:1680.4835164546967
train_loss:0.693579820762477
SHAPE:(1024, 1024)
********
epoch:3    time:2551.1312823295593
train_loss:0.6750303125658701
SHAPE:(1024, 1024)
********
epoch:4    time:3426.1675333976746
train_loss:0.6622565053482137
SHAPE:(1024, 1024)
********
epoch:5    time:4306.075518369675
train_loss:0.6533419520103906
SHAPE:(1024, 1024)
********
epoch:6    time:5178.340109348297
train_loss:0.646788462145888
SHAPE:(1024, 1024)
********
epoch:7    time:6050.7882425785065
train_loss:0.6396033786252991
SHAPE:(1024, 1024)
********
epoch:8    time:6922.123599529266
train_loss:0.6352450236772634
SHAPE:(1024, 1024)
********
epoch:9    time:7796.945104598999
train_loss:0.6310092920228745
SHAPE:(1024, 1024)
********
epoch:10    time:8671.653398513794
train_loss:0.6259428722661847
SHAPE:(1024, 1024)
********
epoch:11    time:9547.049723863602
train_loss:0.6236525354060259
SHAPE:(1024, 1024)
********
epoch:12    time:10423.680831193924
train_loss:0.6183601279780426
SHAPE:(1024, 1024)
********
epoch:13    time:11297.401693105698
train_loss:0.6164414659930082
SHAPE:(1024, 1024)
********
epoch:14    time:12179.20924949646
train_loss:0.6126609380036026
SHAPE:(1024, 1024)
********
epoch:15    time:13062.072272539139
train_loss:0.6095956162594841
SHAPE:(1024, 1024)
********
epoch:16    time:13933.81954741478
train_loss:0.609182842186087
SHAPE:(1024, 1024)
********
epoch:17    time:14807.46030831337
train_loss:0.6054006812121349
SHAPE:(1024, 1024)
********
epoch:18    time:15690.673567056656
train_loss:0.6027107009423963
SHAPE:(1024, 1024)
********
epoch:19    time:16568.468856811523
train_loss:0.6000856073852825
SHAPE:(1024, 1024)
********
epoch:20    time:17443.038024187088
train_loss:0.5985719275524954
SHAPE:(1024, 1024)
********
epoch:21    time:18312.51868057251
train_loss:0.5958445211734631
SHAPE:(1024, 1024)
********
epoch:22    time:19191.219830513
train_loss:0.5933444154375955
SHAPE:(1024, 1024)
********
epoch:23    time:20058.315744161606
train_loss:0.5931436795953968
SHAPE:(1024, 1024)
********
epoch:24    time:20929.727787733078
train_loss:0.592049441207791
SHAPE:(1024, 1024)
********
epoch:25    time:21803.294903993607
train_loss:0.5915029364899903
SHAPE:(1024, 1024)
********
epoch:26    time:22674.961626768112
train_loss:0.5875399876976618
SHAPE:(1024, 1024)
********
epoch:27    time:23538.36356663704
train_loss:0.5860447070500311
SHAPE:(1024, 1024)
********
epoch:28    time:24406.87656545639
train_loss:0.582517390649364
SHAPE:(1024, 1024)
********
epoch:29    time:25274.674199819565
train_loss:0.5837201225644186
SHAPE:(1024, 1024)
********
epoch:30    time:26157.500311374664
train_loss:0.5815298191210684
SHAPE:(1024, 1024)
********
epoch:31    time:27035.680485010147
train_loss:0.5799257695107833
SHAPE:(1024, 1024)
********
epoch:32    time:27901.172954797745
train_loss:0.579054969656291
SHAPE:(1024, 1024)
********
epoch:33    time:28767.711966753006
train_loss:0.5764856763798389
SHAPE:(1024, 1024)
********
epoch:34    time:29639.65459227562
train_loss:0.576318159636433
SHAPE:(1024, 1024)
********
epoch:35    time:30500.31991147995
train_loss:0.5737747826611517
SHAPE:(1024, 1024)
********
epoch:36    time:31366.056208133698
train_loss:0.5733004832053538
SHAPE:(1024, 1024)
********
epoch:37    time:32218.86967611313
train_loss:0.5719238323086664
SHAPE:(1024, 1024)
********
epoch:38    time:33084.459879398346
train_loss:0.5705868399861499
SHAPE:(1024, 1024)
********
epoch:39    time:33947.24702882767
train_loss:0.5692506897525101
SHAPE:(1024, 1024)
********
epoch:40    time:34805.85935878754
train_loss:0.5680619596363878
SHAPE:(1024, 1024)
********
epoch:41    time:35663.182735681534
train_loss:0.5665899648726869
SHAPE:(1024, 1024)
********
epoch:42    time:36520.78309750557
train_loss:0.5673042075830584
SHAPE:(1024, 1024)
********
epoch:43    time:37378.50494027138
train_loss:0.5658753618566481
SHAPE:(1024, 1024)
********
epoch:44    time:38237.376967430115
train_loss:0.5630856093972229
SHAPE:(1024, 1024)
********
epoch:45    time:39110.276034832
train_loss:0.5626527492516137
SHAPE:(1024, 1024)
********
epoch:46    time:39970.01054477692
train_loss:0.5610130427377673
SHAPE:(1024, 1024)
********
epoch:47    time:40827.498487234116
train_loss:0.5604780754251661
SHAPE:(1024, 1024)
********
epoch:48    time:41676.23754262924
train_loss:0.5586594502908231
SHAPE:(1024, 1024)
********
epoch:49    time:42529.22671031952
train_loss:0.5576809022189699
SHAPE:(1024, 1024)
********
epoch:50    time:43385.865263700485
train_loss:0.5600390734808641
SHAPE:(1024, 1024)
********
epoch:51    time:44239.562406778336
train_loss:0.5555128085940887
SHAPE:(1024, 1024)
********
epoch:52    time:45086.75091910362
train_loss:0.5551114968215184
SHAPE:(1024, 1024)
********
epoch:53    time:45932.9732542038
train_loss:0.5530485817985353
SHAPE:(1024, 1024)
********
epoch:54    time:46779.29057645798
train_loss:0.5524346665587536
SHAPE:(1024, 1024)
********
epoch:55    time:47636.676971912384
train_loss:0.552122691216983
SHAPE:(1024, 1024)
********
epoch:56    time:48496.91700387001
train_loss:0.5506251036931799
SHAPE:(1024, 1024)
********
epoch:57    time:49356.46703195572
train_loss:0.5497563939706972
SHAPE:(1024, 1024)
********
epoch:58    time:50213.901332616806
train_loss:0.5488607501630803
SHAPE:(1024, 1024)
********
epoch:59    time:51063.952867269516
train_loss:0.549368777530894
SHAPE:(1024, 1024)
********
epoch:60    time:51909.33921790123
train_loss:0.547711717212931
SHAPE:(1024, 1024)
********
epoch:61    time:52760.68995165825
train_loss:0.5451374686230565
SHAPE:(1024, 1024)
********
epoch:62    time:53630.11993384361
train_loss:0.5469811686627709
SHAPE:(1024, 1024)
********
epoch:63    time:54485.82556796074
train_loss:0.5457128099230832
SHAPE:(1024, 1024)
********
epoch:64    time:55345.988322496414
train_loss:0.5427574247877895
SHAPE:(1024, 1024)
********
epoch:65    time:56199.185925245285
train_loss:0.5437567930896993
SHAPE:(1024, 1024)
********
epoch:66    time:57065.92769622803
train_loss:0.5405503340994833
SHAPE:(1024, 1024)
********
epoch:67    time:57931.37511777878
train_loss:0.5427031381563707
SHAPE:(1024, 1024)
********
epoch:68    time:58790.94307565689
train_loss:0.5407606673291068
SHAPE:(1024, 1024)
********
epoch:69    time:59650.20082116127
train_loss:0.5385556306067784
SHAPE:(1024, 1024)
********
epoch:70    time:60505.22649168968
train_loss:0.5386873676774365
SHAPE:(1024, 1024)
********
epoch:71    time:61372.11984205246
train_loss:0.5370336184415958
SHAPE:(1024, 1024)
********
epoch:72    time:62231.12457036972
train_loss:0.5365556655865139
SHAPE:(1024, 1024)
********
epoch:73    time:63093.165974617004
train_loss:0.535819697676199
SHAPE:(1024, 1024)
********
epoch:74    time:63968.61148738861
train_loss:0.5351173539998415
SHAPE:(1024, 1024)
********
epoch:75    time:64832.40754055977
train_loss:0.5346192839785812
SHAPE:(1024, 1024)
********
epoch:76    time:65707.0269742012
train_loss:0.5349680440181406
SHAPE:(1024, 1024)
********
epoch:77    time:66585.60785412788
train_loss:0.5322748986535546
SHAPE:(1024, 1024)
********
epoch:78    time:67458.02493715286
train_loss:0.5311133804520392
SHAPE:(1024, 1024)
********
epoch:79    time:68318.21850562096
train_loss:0.5308242272309974
SHAPE:(1024, 1024)
********
epoch:80    time:69157.44932222366
train_loss:0.5300894673228516
SHAPE:(1024, 1024)
********
epoch:81    time:70004.23614668846
train_loss:0.5295215990654257
SHAPE:(1024, 1024)
********
epoch:82    time:70852.54758024216
train_loss:0.5289289021340787
SHAPE:(1024, 1024)
********
epoch:83    time:71701.93699216843
train_loss:0.5275573584607489
SHAPE:(1024, 1024)
********
epoch:84    time:72554.8451423645
train_loss:0.5255478001170129
SHAPE:(1024, 1024)
********
epoch:85    time:73408.73326277733
train_loss:0.5262819246308245
SHAPE:(1024, 1024)
********
epoch:86    time:74276.47226381302
train_loss:0.5246123257260494
SHAPE:(1024, 1024)
********
epoch:87    time:75110.14032387733
train_loss:0.5252014302804152
SHAPE:(1024, 1024)
********
epoch:88    time:75958.7581923008
train_loss:0.5231638455302721
SHAPE:(1024, 1024)
********
epoch:89    time:76811.9081056118
train_loss:0.5227239174772267
SHAPE:(1024, 1024)
********
epoch:90    time:77670.72291612625
train_loss:0.5223949131955556
SHAPE:(1024, 1024)
********
epoch:91    time:78519.56017041206
train_loss:0.5225003668861208
SHAPE:(1024, 1024)
********
epoch:92    time:79360.16650247574
train_loss:0.5206494239684644
SHAPE:(1024, 1024)
********
epoch:93    time:80211.83512687683
train_loss:0.5213717119197261
SHAPE:(1024, 1024)
********
epoch:94    time:81055.55224370956
train_loss:0.5186086837320448
SHAPE:(1024, 1024)
********
epoch:95    time:81894.07355237007
train_loss:0.5190816761701355
SHAPE:(1024, 1024)
********
epoch:96    time:82727.36502575874
train_loss:0.5178450886278273
SHAPE:(1024, 1024)
********
epoch:97    time:83592.32929944992
train_loss:0.5175492976483028
SHAPE:(1024, 1024)
********
epoch:98    time:84431.64598441124
train_loss:0.5152281278598636
SHAPE:(1024, 1024)
********
epoch:99    time:85277.87412047386
train_loss:0.5150103593918536
SHAPE:(1024, 1024)
********
epoch:100    time:86123.96851348877
train_loss:0.5160186161576568
SHAPE:(1024, 1024)
********
epoch:101    time:86964.68459892273
train_loss:0.5132034565883258
SHAPE:(1024, 1024)
********
epoch:102    time:87826.93625807762
train_loss:0.5030310043383854
SHAPE:(1024, 1024)
********
epoch:103    time:88705.98182368279
train_loss:0.497862582699441
SHAPE:(1024, 1024)
********
epoch:104    time:89576.80410432816
train_loss:0.49612778226744547
SHAPE:(1024, 1024)
********
epoch:105    time:90435.47339129448
train_loss:0.49536032873908764
SHAPE:(1024, 1024)
********
epoch:106    time:91293.16592812538
train_loss:0.4931990372580151
SHAPE:(1024, 1024)
********
epoch:107    time:92158.95317626
train_loss:0.4941887533878927
SHAPE:(1024, 1024)
********
epoch:108    time:93031.76802968979
train_loss:0.49238841550672785
SHAPE:(1024, 1024)
********
epoch:109    time:93902.42233037949
train_loss:0.49220199404130777
SHAPE:(1024, 1024)
********
epoch:110    time:94771.84343004227
train_loss:0.4914611580822987
SHAPE:(1024, 1024)
********
epoch:111    time:95644.78057646751
train_loss:0.4918469144287371
SHAPE:(1024, 1024)
********
epoch:112    time:96524.99623680115
train_loss:0.49024760461634864
SHAPE:(1024, 1024)
********
epoch:113    time:97411.47273778915
train_loss:0.49020051480473725
SHAPE:(1024, 1024)
********
epoch:114    time:98290.17251706123
train_loss:0.49085318872086847
SHAPE:(1024, 1024)
********
epoch:115    time:99168.55314183235
train_loss:0.48944541991513074
SHAPE:(1024, 1024)
********
epoch:116    time:100045.92657160759
train_loss:0.4886487758625889
SHAPE:(1024, 1024)
********
epoch:117    time:100924.85936999321
train_loss:0.4891712537023532
SHAPE:(1024, 1024)
********
epoch:118    time:101805.23685598373
train_loss:0.4886448158711258
SHAPE:(1024, 1024)
********
epoch:119    time:102679.6007733345
train_loss:0.48753234013190483
SHAPE:(1024, 1024)
********
epoch:120    time:103561.36041975021
train_loss:0.48792947910678813
SHAPE:(1024, 1024)
********
epoch:121    time:104444.33992099762
train_loss:0.4878148087487412
SHAPE:(1024, 1024)
********
epoch:122    time:105318.33287525177
train_loss:0.4881451677759404
SHAPE:(1024, 1024)
********
epoch:123    time:106204.746083498
train_loss:0.4871181408081196
SHAPE:(1024, 1024)
********
epoch:124    time:107082.02368378639
train_loss:0.48708267090940577
SHAPE:(1024, 1024)
********
epoch:125    time:107959.3859527111
train_loss:0.4866031022076879
SHAPE:(1024, 1024)
********
epoch:126    time:108839.85131597519
train_loss:0.4862834769941032
SHAPE:(1024, 1024)
********
epoch:127    time:109729.88410925865
train_loss:0.4866535455996592
SHAPE:(1024, 1024)
********
epoch:128    time:110602.42897081375
train_loss:0.4857416234233163
SHAPE:(1024, 1024)
********
epoch:129    time:111484.02412962914
train_loss:0.4864799599881908
SHAPE:(1024, 1024)
********
epoch:130    time:112361.54528617859
train_loss:0.4857964329815314
SHAPE:(1024, 1024)
********
epoch:131    time:113272.78029823303
train_loss:0.48578701141520736
SHAPE:(1024, 1024)
********
epoch:132    time:114154.72075247765
train_loss:0.48556429176073496
SHAPE:(1024, 1024)
********
epoch:133    time:115033.35102653503
train_loss:0.48627060475359507
SHAPE:(1024, 1024)
********
epoch:134    time:115908.60223054886
train_loss:0.4860099127189301
SHAPE:(1024, 1024)
********
epoch:135    time:116793.9723803997
train_loss:0.48622759499333124
SHAPE:(1024, 1024)
********
epoch:136    time:117680.89643931389
train_loss:0.4861650704140391
SHAPE:(1024, 1024)
********
epoch:137    time:118562.1280977726
train_loss:0.48588137845282325
SHAPE:(1024, 1024)
********
epoch:138    time:119440.72414445877
train_loss:0.48615390840468903
SHAPE:(1024, 1024)
********
epoch:139    time:120316.14599084854
train_loss:0.4852564892481548
SHAPE:(1024, 1024)
********
epoch:140    time:121204.65370631218
train_loss:0.48549505910712115
SHAPE:(1024, 1024)
********
epoch:141    time:122073.674762249
train_loss:0.4853673651026873
SHAPE:(1024, 1024)
********
epoch:142    time:122956.35263204575
train_loss:0.48429041795322303
SHAPE:(1024, 1024)
********
epoch:143    time:123829.3148252964
train_loss:0.48501224179474545
SHAPE:(1024, 1024)
********
epoch:144    time:124709.85556936264
train_loss:0.48532897898687116
SHAPE:(1024, 1024)
********
epoch:145    time:125580.08799147606
train_loss:0.4852094313496011
SHAPE:(1024, 1024)
********
epoch:146    time:126460.78364253044
train_loss:0.48492853447448375
SHAPE:(1024, 1024)
********
epoch:147    time:127356.25495457649
train_loss:0.4846563876998349
SHAPE:(1024, 1024)
********
epoch:148    time:128245.27233314514
train_loss:0.48519191309715176
SHAPE:(1024, 1024)
********
epoch:149    time:129126.36640143394
train_loss:0.486031495207964
SHAPE:(1024, 1024)
********
epoch:150    time:129999.9981148243
train_loss:0.4856100189824437
SHAPE:(1024, 1024)
********
epoch:151    time:130876.29907107353
train_loss:0.4850548419463458
SHAPE:(1024, 1024)
********
epoch:152    time:131756.558678627
train_loss:0.48559965492555
SHAPE:(1024, 1024)
********
epoch:153    time:132626.67961239815
train_loss:0.4848048077073208
SHAPE:(1024, 1024)
********
epoch:154    time:133497.50398159027
train_loss:0.48409660633094215
SHAPE:(1024, 1024)
********
epoch:155    time:134363.61834716797
train_loss:0.4853186644534984
SHAPE:(1024, 1024)
********
epoch:156    time:135233.9891989231
train_loss:0.48596830634561705
SHAPE:(1024, 1024)
********
epoch:157    time:136113.1003756523
train_loss:0.48426375120689197
SHAPE:(1024, 1024)
********
epoch:158    time:136997.42353510857
train_loss:0.48470118550493146
SHAPE:(1024, 1024)
********
epoch:159    time:137873.42422890663
train_loss:0.4848339058002004
SHAPE:(1024, 1024)
********
epoch:160    time:138741.4799425602
train_loss:0.48541429393135216
SHAPE:(1024, 1024)
********
epoch:161    time:139608.70263028145
train_loss:0.48329023802633264
SHAPE:(1024, 1024)
********
epoch:162    time:140473.00683498383
train_loss:0.4849654155730193
SHAPE:(1024, 1024)
********
epoch:163    time:141353.33406734467
train_loss:0.48452231231249915
SHAPE:(1024, 1024)
********
epoch:164    time:142225.03809833527
train_loss:0.4845135400650617
SHAPE:(1024, 1024)
********
epoch:165    time:143117.229711771
train_loss:0.48445743738218794
SHAPE:(1024, 1024)
********
epoch:166    time:144014.83055329323
train_loss:0.4848883691033148
SHAPE:(1024, 1024)
********
epoch:167    time:144907.99888205528
train_loss:0.48428943469710883
SHAPE:(1024, 1024)
********
epoch:168    time:145793.99675750732
train_loss:0.483958960146531
SHAPE:(1024, 1024)
********
epoch:169    time:146681.27795028687
train_loss:0.48416956200660155
SHAPE:(1024, 1024)
********
epoch:170    time:147574.70212101936
train_loss:0.484895696284655
SHAPE:(1024, 1024)
********
epoch:171    time:148485.49329686165
train_loss:0.4850237031189634
SHAPE:(1024, 1024)
********
epoch:172    time:149383.04705381393
train_loss:0.484225828570745
SHAPE:(1024, 1024)
********
epoch:173    time:150292.5683734417
train_loss:0.4836475372503474
SHAPE:(1024, 1024)
********
epoch:174    time:151185.03963136673
train_loss:0.48416263069839355
SHAPE:(1024, 1024)
********
epoch:175    time:152082.25390934944
train_loss:0.48485889388189257
SHAPE:(1024, 1024)
********
epoch:176    time:152967.71687698364
train_loss:0.48442876386214007
SHAPE:(1024, 1024)
********
epoch:177    time:153842.328145504
train_loss:0.48414418567562706
SHAPE:(1024, 1024)
********
epoch:178    time:154730.58811712265
train_loss:0.4852211016366144
SHAPE:(1024, 1024)
********
epoch:179    time:155620.4930729866
train_loss:0.48465708222626125
SHAPE:(1024, 1024)
********
epoch:180    time:156517.47806215286
train_loss:0.48502167760065695
SHAPE:(1024, 1024)
********
epoch:181    time:157395.3281877041
train_loss:0.4847423190420324
SHAPE:(1024, 1024)
********
epoch:182    time:158306.5793645382
train_loss:0.48450580667743726
SHAPE:(1024, 1024)
********
epoch:183    time:159202.09683084488
train_loss:0.484081280439399
SHAPE:(1024, 1024)
********
epoch:184    time:160097.29221200943
train_loss:0.4841277913739767
SHAPE:(1024, 1024)
********
epoch:185    time:161001.67290067673
train_loss:0.48457810493780745
SHAPE:(1024, 1024)
********
epoch:186    time:161916.4611544609
train_loss:0.48470262301018574
SHAPE:(1024, 1024)
********
epoch:187    time:162813.65044617653
train_loss:0.4837920101198031
SHAPE:(1024, 1024)
********
epoch:188    time:163732.21718525887
train_loss:0.4842217819761272
SHAPE:(1024, 1024)
********
epoch:189    time:164646.1850786209
train_loss:0.4841807158250385
SHAPE:(1024, 1024)
********
epoch:190    time:165558.3379650116
train_loss:0.48443496510796014
SHAPE:(1024, 1024)
********
epoch:191    time:166467.8581559658
train_loss:0.4840617851525482
SHAPE:(1024, 1024)
********
epoch:192    time:167375.42399787903
train_loss:0.4834039149841345
SHAPE:(1024, 1024)
********
epoch:193    time:168287.96359920502
train_loss:0.4845799437978051
SHAPE:(1024, 1024)
********
epoch:194    time:169194.35231637955
train_loss:0.48432795189903854
SHAPE:(1024, 1024)
********
epoch:195    time:170104.2822713852
train_loss:0.4855969043224105
SHAPE:(1024, 1024)
********
epoch:196    time:171009.0963563919
train_loss:0.48521656094091387
SHAPE:(1024, 1024)
********
epoch:197    time:171907.84270691872
train_loss:0.48534953931295344
SHAPE:(1024, 1024)
********
epoch:198    time:172827.31013345718
train_loss:0.4837932343462809
SHAPE:(1024, 1024)
********
epoch:199    time:173717.8586127758
train_loss:0.4847405194354108
SHAPE:(1024, 1024)
********
epoch:200    time:174580.5410759449
train_loss:0.484406606276494
SHAPE:(1024, 1024)
Finish!