********
epoch:1    time:1527.2955429553986
train_loss:0.7740107635173938
SHAPE:(1024, 1024)
********
epoch:2    time:3116.99351644516
train_loss:0.697882810446097
SHAPE:(1024, 1024)
********
epoch:3    time:4688.598531246185
train_loss:0.6795019556711138
SHAPE:(1024, 1024)
********
epoch:4    time:6252.872927904129
train_loss:0.6663826606049346
SHAPE:(1024, 1024)
********
epoch:5    time:7818.906471729279
train_loss:0.6590391455442658
SHAPE:(1024, 1024)
********
epoch:6    time:9389.65467095375
train_loss:0.6500618159613448
SHAPE:(1024, 1024)
********
epoch:7    time:10955.798900842667
train_loss:0.6438100485891167
SHAPE:(1024, 1024)
********
epoch:8    time:12530.722314834595
train_loss:0.6377175023137389
SHAPE:(1024, 1024)
********
epoch:9    time:14097.16915345192
train_loss:0.6324970350299527
SHAPE:(1024, 1024)
********
epoch:10    time:15672.748263597488
train_loss:0.6285607802344931
SHAPE:(1024, 1024)
********
epoch:11    time:17236.444709777832
train_loss:0.6232736932771402
SHAPE:(1024, 1024)
********
epoch:12    time:18797.786170482635
train_loss:0.6196684596496959
SHAPE:(1024, 1024)
********
epoch:13    time:20353.006329536438
train_loss:0.6179132885742641
SHAPE:(1024, 1024)
********
epoch:14    time:21912.28946876526
train_loss:0.6136936700999359
SHAPE:(1024, 1024)
********
epoch:15    time:23466.643072128296
train_loss:0.6092132377668616
SHAPE:(1024, 1024)
********
epoch:16    time:25019.661458015442
train_loss:0.6071505314388941
SHAPE:(1024, 1024)
********
epoch:17    time:26574.265762090683
train_loss:0.6034270374706885
SHAPE:(1024, 1024)
********
epoch:18    time:28128.613109588623
train_loss:0.6006930177168917
SHAPE:(1024, 1024)
********
epoch:19    time:29681.144181013107
train_loss:0.5978409794747955
SHAPE:(1024, 1024)
********
epoch:20    time:31228.146597623825
train_loss:0.5962043504445296
SHAPE:(1024, 1024)
********
epoch:21    time:32775.86965036392
train_loss:0.5940633854862247
SHAPE:(1024, 1024)
********
epoch:22    time:34325.62941479683
train_loss:0.5909047225218494
SHAPE:(1024, 1024)
********
epoch:23    time:35876.77919507027
train_loss:0.586912603225819
SHAPE:(1024, 1024)
********
epoch:24    time:37419.93180465698
train_loss:0.5854521262406295
SHAPE:(1024, 1024)
********
epoch:25    time:38953.10847425461
train_loss:0.5840341778940681
SHAPE:(1024, 1024)
********
epoch:26    time:40485.27153658867
train_loss:0.5812047720506756
SHAPE:(1024, 1024)
********
epoch:27    time:42015.924951553345
train_loss:0.5797469194025494
SHAPE:(1024, 1024)
********
epoch:28    time:43571.25062084198
train_loss:0.5766552112539778
SHAPE:(1024, 1024)
********
epoch:29    time:45146.98100924492
train_loss:0.5761258164637311
SHAPE:(1024, 1024)
********
epoch:30    time:46719.443940639496
train_loss:0.5734136293604812
SHAPE:(1024, 1024)
********
epoch:31    time:48306.71086168289
train_loss:0.571749490746799
SHAPE:(1024, 1024)
********
epoch:32    time:49906.551090717316
train_loss:0.571015342825878
SHAPE:(1024, 1024)
********
epoch:33    time:51511.53360748291
train_loss:0.5681550322970804
SHAPE:(1024, 1024)
********
epoch:34    time:53103.21654558182
train_loss:0.5666494420069973
SHAPE:(1024, 1024)
********
epoch:35    time:54720.94695806503
train_loss:0.5656258478823726
SHAPE:(1024, 1024)
********
epoch:36    time:56347.54618811607
train_loss:0.5640392371829418
SHAPE:(1024, 1024)
********
epoch:37    time:57996.91312170029
train_loss:0.5612783117759303
SHAPE:(1024, 1024)
********
epoch:38    time:59666.33358883858
train_loss:0.5604231570695721
SHAPE:(1024, 1024)
********
epoch:39    time:61323.59131979942
train_loss:0.5591731946639732
SHAPE:(1024, 1024)
********
epoch:40    time:62977.78041982651
train_loss:0.5574322875754526
SHAPE:(1024, 1024)
********
epoch:41    time:64622.16300392151
train_loss:0.5557137004259273
SHAPE:(1024, 1024)
********
epoch:42    time:66257.99153542519
train_loss:0.5551615677947221
SHAPE:(1024, 1024)
********
epoch:43    time:67885.2870862484
train_loss:0.5524959674786312
SHAPE:(1024, 1024)
********
epoch:44    time:69523.42368674278
train_loss:0.550947414565414
SHAPE:(1024, 1024)
********
epoch:45    time:71162.93314218521
train_loss:0.550865561140201
SHAPE:(1024, 1024)
********
epoch:46    time:72799.65464377403
train_loss:0.5485432714176607
SHAPE:(1024, 1024)
********
epoch:47    time:74458.0990922451
train_loss:0.5473288706096232
SHAPE:(1024, 1024)
********
epoch:48    time:76094.85642504692
train_loss:0.5467705908241282
SHAPE:(1024, 1024)
********
epoch:49    time:77702.10928487778
train_loss:0.5449277891858183
SHAPE:(1024, 1024)
********
epoch:50    time:79293.71753883362
train_loss:0.542748732275741
SHAPE:(1024, 1024)
********
epoch:51    time:80873.90697741508
train_loss:0.5426826680405952
SHAPE:(1024, 1024)
********
epoch:52    time:82458.65944719315
train_loss:0.5405255846096396
SHAPE:(1024, 1024)
********
epoch:53    time:84061.91852927208
train_loss:0.5399548678834141
SHAPE:(1024, 1024)
********
epoch:54    time:85692.40932035446
train_loss:0.5405353574086194
SHAPE:(1024, 1024)
********
epoch:55    time:87319.87587618828
train_loss:0.5372534858941024
SHAPE:(1024, 1024)
********
epoch:56    time:88929.55922484398
train_loss:0.5362387070507126
SHAPE:(1024, 1024)
********
epoch:57    time:90531.00091052055
train_loss:0.5373871977939162
SHAPE:(1024, 1024)
********
epoch:58    time:92121.29533648491
train_loss:0.5347961203902015
SHAPE:(1024, 1024)
********
epoch:59    time:93710.27634239197
train_loss:0.5349115341760013
SHAPE:(1024, 1024)
********
epoch:60    time:95294.75360870361
train_loss:0.5330322645840887
SHAPE:(1024, 1024)
********
epoch:61    time:96876.74591970444
train_loss:0.5326020091015995
SHAPE:(1024, 1024)
********
epoch:62    time:98452.92286705971
train_loss:0.5329113219713055
SHAPE:(1024, 1024)
********
epoch:63    time:100021.32137608528
train_loss:0.5310936013579243
SHAPE:(1024, 1024)
********
epoch:64    time:101583.89707016945
train_loss:0.5297086978642306
SHAPE:(1024, 1024)
********
epoch:65    time:103142.6714041233
train_loss:0.5298949033651997
SHAPE:(1024, 1024)
********
epoch:66    time:104694.58108854294
train_loss:0.5287913025906171
SHAPE:(1024, 1024)
********
epoch:67    time:106249.66204190254
train_loss:0.5276139200946619
SHAPE:(1024, 1024)
********
epoch:68    time:107801.926030159
train_loss:0.5270762431413628
SHAPE:(1024, 1024)
********
epoch:69    time:109353.49862265587
train_loss:0.5261437892756301
SHAPE:(1024, 1024)
********
epoch:70    time:110903.55452990532
train_loss:0.5256013533309196
SHAPE:(1024, 1024)
********
epoch:71    time:112453.35364079475
train_loss:0.5252767638411633
SHAPE:(1024, 1024)
********
epoch:72    time:114000.59756350517
train_loss:0.5239707551124736
SHAPE:(1024, 1024)
********
epoch:73    time:115546.52667498589
train_loss:0.5238099197677906
SHAPE:(1024, 1024)
********
epoch:74    time:117092.0767261982
train_loss:0.5244141551990842
SHAPE:(1024, 1024)
********
epoch:75    time:118639.32980918884
train_loss:0.5226610045383899
SHAPE:(1024, 1024)
********
epoch:76    time:120187.67967963219
train_loss:0.5229286392382789
SHAPE:(1024, 1024)
********
epoch:77    time:121737.72421360016
train_loss:0.5220085415225201
SHAPE:(1024, 1024)
********
epoch:78    time:123290.70205950737
train_loss:0.5220718074267057
SHAPE:(1024, 1024)
********
epoch:79    time:124846.39388990402
train_loss:0.5203919070782671
SHAPE:(1024, 1024)
********
epoch:80    time:126402.055727005
train_loss:0.5209611868269222
SHAPE:(1024, 1024)
********
epoch:81    time:127956.92671942711
train_loss:0.5200879336679335
SHAPE:(1024, 1024)
********
epoch:82    time:129518.64213252068
train_loss:0.5198153079690188
SHAPE:(1024, 1024)
********
epoch:83    time:131078.7877857685
train_loss:0.5197393343199131
SHAPE:(1024, 1024)
********
epoch:84    time:132644.0371348858
train_loss:0.5181370108973148
SHAPE:(1024, 1024)
********
epoch:85    time:134232.7044723034
train_loss:0.5192487973475683
SHAPE:(1024, 1024)
********
epoch:86    time:135834.8040280342
train_loss:0.51873917109776
SHAPE:(1024, 1024)
********
epoch:87    time:137443.2137274742
train_loss:0.5181532364819065
SHAPE:(1024, 1024)
********
epoch:88    time:139034.40407800674
train_loss:0.5177024716617693
SHAPE:(1024, 1024)
********
epoch:89    time:140632.45379710197
train_loss:0.5174485022402969
SHAPE:(1024, 1024)
********
epoch:90    time:142239.8795182705
train_loss:0.5165291007206505
SHAPE:(1024, 1024)
********
epoch:91    time:143853.95138287544
train_loss:0.516740435746205
SHAPE:(1024, 1024)
********
epoch:92    time:145475.97861099243
train_loss:0.5167816862243426
SHAPE:(1024, 1024)
********
epoch:93    time:147095.5948598385
train_loss:0.5164335561447617
SHAPE:(1024, 1024)
********
epoch:94    time:148731.0529499054
train_loss:0.514865157814661
SHAPE:(1024, 1024)
********
epoch:95    time:150391.48441171646
train_loss:0.5163089119323212
SHAPE:(1024, 1024)
********
epoch:96    time:152076.4722046852
train_loss:0.5148459392231565
SHAPE:(1024, 1024)
********
epoch:97    time:153811.5994362831
train_loss:0.5150898922447422
SHAPE:(1024, 1024)
********
epoch:98    time:155559.34996056557
train_loss:0.5161523495271141
SHAPE:(1024, 1024)
********
epoch:99    time:157313.6313009262
train_loss:0.5152838359927526
SHAPE:(1024, 1024)
********
epoch:100    time:159056.11900401115
train_loss:0.5152211124924096
SHAPE:(1024, 1024)
********
epoch:101    time:160762.23957419395
train_loss:0.514350102123574
SHAPE:(1024, 1024)
********
epoch:102    time:162450.51407456398
train_loss:0.5163642440392906
SHAPE:(1024, 1024)
********
epoch:103    time:164144.0254509449
train_loss:0.5142906777655222
SHAPE:(1024, 1024)
********
epoch:104    time:165827.73502469063
train_loss:0.5148716032442029
SHAPE:(1024, 1024)
********
epoch:105    time:167532.1553659439
train_loss:0.5144677992839264
SHAPE:(1024, 1024)
********
epoch:106    time:169259.723818779
train_loss:0.5148069299206169
SHAPE:(1024, 1024)
********
epoch:107    time:171005.17755675316
train_loss:0.5151055085356593
SHAPE:(1024, 1024)
********
epoch:108    time:172749.04822921753
train_loss:0.5145860500948751
SHAPE:(1024, 1024)
********
epoch:109    time:174425.14272236824
train_loss:0.5144088496680491
SHAPE:(1024, 1024)
********
epoch:110    time:176077.42429327965
train_loss:0.5133519884332794
SHAPE:(1024, 1024)
********
epoch:111    time:177706.06406664848
train_loss:0.5137363018086042
SHAPE:(1024, 1024)
********
epoch:112    time:179327.15220975876
train_loss:0.5144467248126517
SHAPE:(1024, 1024)
********
epoch:113    time:180948.72599077225
train_loss:0.513999509099422
SHAPE:(1024, 1024)
********
epoch:114    time:182569.17998313904
train_loss:0.5147021043076954
SHAPE:(1024, 1024)
********
epoch:115    time:184181.76821565628
train_loss:0.5144379142254402
SHAPE:(1024, 1024)
********
epoch:116    time:185784.3159813881
train_loss:0.5135407842947741
SHAPE:(1024, 1024)
********
epoch:117    time:187386.6740603447
train_loss:0.5142798904510684
SHAPE:(1024, 1024)
********
epoch:118    time:188974.15615224838
train_loss:0.5145374506113393
SHAPE:(1024, 1024)
********
epoch:119    time:190548.47856020927
train_loss:0.5131359492245486
SHAPE:(1024, 1024)
********
epoch:120    time:192116.73032045364
train_loss:0.5134343715979232
SHAPE:(1024, 1024)
********
epoch:121    time:193677.68337011337
train_loss:0.5137706984456699
SHAPE:(1024, 1024)
********
epoch:122    time:195232.384670496
train_loss:0.5139715753527196
SHAPE:(1024, 1024)
********
epoch:123    time:196782.30169177055
train_loss:0.5145784640570523
SHAPE:(1024, 1024)
********
epoch:124    time:198327.10737514496
train_loss:0.5145383996546394
SHAPE:(1024, 1024)
********
epoch:125    time:199869.5501320362
train_loss:0.5145641814121862
SHAPE:(1024, 1024)
********
epoch:126    time:201410.4623594284
train_loss:0.5139257449333814
SHAPE:(1024, 1024)
********
epoch:127    time:202949.9679067135
train_loss:0.5140432724551973
SHAPE:(1024, 1024)
********
epoch:128    time:204488.80682587624
train_loss:0.5139822427333032
SHAPE:(1024, 1024)
********
epoch:129    time:206027.83849525452
train_loss:0.5144765085952226
SHAPE:(1024, 1024)
********
epoch:130    time:207568.47746181488
train_loss:0.5138234949688453
SHAPE:(1024, 1024)
********
epoch:131    time:209110.81403374672
train_loss:0.5140458733851512
SHAPE:(1024, 1024)
********
epoch:132    time:210654.154630661
train_loss:0.5134151785557668
SHAPE:(1024, 1024)
********
epoch:133    time:212200.26697063446
train_loss:0.5125088234752984
SHAPE:(1024, 1024)
********
epoch:134    time:213752.26330924034
train_loss:0.5138543146577749
SHAPE:(1024, 1024)
********
epoch:135    time:215309.46876215935
train_loss:0.5146864544734139
SHAPE:(1024, 1024)
********
epoch:136    time:216894.94905805588
train_loss:0.5137159614872983
SHAPE:(1024, 1024)
********
epoch:137    time:218514.681940794
train_loss:0.514178700146539
SHAPE:(1024, 1024)
********
epoch:138    time:220126.16644096375
train_loss:0.5130524596171828
SHAPE:(1024, 1024)
********
epoch:139    time:221739.27892017365
train_loss:0.513717063763681
SHAPE:(1024, 1024)
********
epoch:140    time:223361.79864883423
train_loss:0.5134095733012634
SHAPE:(1024, 1024)
********
epoch:141    time:225000.9156882763
train_loss:0.5142539056297588
SHAPE:(1024, 1024)
********
epoch:142    time:226651.64149975777
train_loss:0.5138548376318264
SHAPE:(1024, 1024)
********
epoch:143    time:228313.74568367004
train_loss:0.5134180738781647
SHAPE:(1024, 1024)
********
epoch:144    time:229973.8870997429
train_loss:0.5141068216389632
SHAPE:(1024, 1024)
********
epoch:145    time:231673.19997930527
train_loss:0.5137853773023311
SHAPE:(1024, 1024)
********
epoch:146    time:233457.73683547974
train_loss:0.513389098656858
SHAPE:(1024, 1024)
********
epoch:147    time:235219.54943728447
train_loss:0.513396523215554
SHAPE:(1024, 1024)
********
epoch:148    time:237007.06463623047
train_loss:0.5141370583632784
SHAPE:(1024, 1024)
********
epoch:149    time:238761.70172429085
train_loss:0.5137633469514943
SHAPE:(1024, 1024)
********
epoch:150    time:240455.06207060814
train_loss:0.5132533008937604
SHAPE:(1024, 1024)
Finish!