********
epoch:1    time:1519.7932608127594
train_loss:0.775572543573934
SHAPE:(1024, 1024)
********
epoch:2    time:3112.265929698944
train_loss:0.7001339538656884
SHAPE:(1024, 1024)
********
epoch:3    time:4706.309593915939
train_loss:0.680589572886836
SHAPE:(1024, 1024)
********
epoch:4    time:6294.015889167786
train_loss:0.6678412844432837
SHAPE:(1024, 1024)
********
epoch:5    time:7890.818877458572
train_loss:0.660456538609924
SHAPE:(1024, 1024)
********
epoch:6    time:9483.448340415955
train_loss:0.6532849664100885
SHAPE:(1024, 1024)
********
epoch:7    time:11092.606664657593
train_loss:0.6462736885372479
SHAPE:(1024, 1024)
********
epoch:8    time:12690.64544582367
train_loss:0.641475936858649
SHAPE:(1024, 1024)
********
epoch:9    time:14288.191432476044
train_loss:0.6372479980705152
SHAPE:(1024, 1024)
********
epoch:10    time:15881.441985607147
train_loss:0.6318773721319172
SHAPE:(1024, 1024)
********
epoch:11    time:17475.093276262283
train_loss:0.6288482163251077
SHAPE:(1024, 1024)
********
epoch:12    time:19073.877816438675
train_loss:0.6264177193632842
SHAPE:(1024, 1024)
********
epoch:13    time:20662.799821138382
train_loss:0.6217136537738884
SHAPE:(1024, 1024)
********
epoch:14    time:22249.51322746277
train_loss:0.6195786286452608
SHAPE:(1024, 1024)
********
epoch:15    time:23832.72702383995
train_loss:0.6153847698838968
SHAPE:(1024, 1024)
********
epoch:16    time:25417.55515551567
train_loss:0.6142487106785713
SHAPE:(1024, 1024)
********
epoch:17    time:26996.023532629013
train_loss:0.6124841302601782
SHAPE:(1024, 1024)
********
epoch:18    time:28571.97969508171
train_loss:0.608706560765588
SHAPE:(1024, 1024)
********
epoch:19    time:30141.57118821144
train_loss:0.6067942053111108
SHAPE:(1024, 1024)
********
epoch:20    time:31714.88971209526
train_loss:0.6056278184938381
SHAPE:(1024, 1024)
********
epoch:21    time:33289.449392318726
train_loss:0.6025886838078247
SHAPE:(1024, 1024)
********
epoch:22    time:34865.26200699806
train_loss:0.6002611888860043
SHAPE:(1024, 1024)
********
epoch:23    time:36436.69491505623
train_loss:0.5991606442671246
SHAPE:(1024, 1024)
********
epoch:24    time:38002.251628398895
train_loss:0.596269162415072
SHAPE:(1024, 1024)
********
epoch:25    time:39563.48196744919
train_loss:0.595256695976721
SHAPE:(1024, 1024)
********
epoch:26    time:41137.85477733612
train_loss:0.5922542974730879
SHAPE:(1024, 1024)
********
epoch:27    time:42712.22860431671
train_loss:0.5929878418497253
SHAPE:(1024, 1024)
********
epoch:28    time:44291.020996809006
train_loss:0.5908127156801002
SHAPE:(1024, 1024)
********
epoch:29    time:45869.3901515007
train_loss:0.5890760769866737
SHAPE:(1024, 1024)
********
epoch:30    time:47452.96066689491
train_loss:0.5887339830902616
SHAPE:(1024, 1024)
********
epoch:31    time:49041.20082139969
train_loss:0.5861135176983494
SHAPE:(1024, 1024)
********
epoch:32    time:50639.64409279823
train_loss:0.5851437211603745
SHAPE:(1024, 1024)
********
epoch:33    time:52242.920751810074
train_loss:0.5823755898762959
SHAPE:(1024, 1024)
********
epoch:34    time:53852.948704481125
train_loss:0.5828743605671675
SHAPE:(1024, 1024)
********
epoch:35    time:55465.96578383446
train_loss:0.5814395933303722
SHAPE:(1024, 1024)
********
epoch:36    time:57104.55293464661
train_loss:0.5796407220322032
SHAPE:(1024, 1024)
********
epoch:37    time:58745.5473382473
train_loss:0.5791515924241276
SHAPE:(1024, 1024)
********
epoch:38    time:60394.58747506142
train_loss:0.5773933836855546
SHAPE:(1024, 1024)
********
epoch:39    time:62075.05703616142
train_loss:0.5750665534405829
SHAPE:(1024, 1024)
********
epoch:40    time:63774.15796470642
train_loss:0.5736576875959214
SHAPE:(1024, 1024)
********
epoch:41    time:65479.517013311386
train_loss:0.5739213418034368
SHAPE:(1024, 1024)
********
epoch:42    time:67193.89059066772
train_loss:0.5726864570259543
SHAPE:(1024, 1024)
********
epoch:43    time:68921.56737995148
train_loss:0.5713038849181655
SHAPE:(1024, 1024)
********
epoch:44    time:70656.04182767868
train_loss:0.5709323735462687
SHAPE:(1024, 1024)
********
epoch:45    time:72389.98352861404
train_loss:0.568519709352207
SHAPE:(1024, 1024)
********
epoch:46    time:74141.17738127708
train_loss:0.5686958714941591
SHAPE:(1024, 1024)
********
epoch:47    time:75885.31453990936
train_loss:0.5683339320548493
SHAPE:(1024, 1024)
********
epoch:48    time:77643.64971423149
train_loss:0.5655397830440428
SHAPE:(1024, 1024)
********
epoch:49    time:79401.27649378777
train_loss:0.5644963415178134
SHAPE:(1024, 1024)
********
epoch:50    time:81157.8803551197
train_loss:0.5642671764259233
SHAPE:(1024, 1024)
********
epoch:51    time:82898.43957448006
train_loss:0.5621633818392774
SHAPE:(1024, 1024)
********
epoch:52    time:84648.73607730865
train_loss:0.5614147579600645
SHAPE:(1024, 1024)
********
epoch:53    time:86409.4470834732
train_loss:0.5615302212536335
SHAPE:(1024, 1024)
********
epoch:54    time:88161.47625160217
train_loss:0.5600838174307069
SHAPE:(1024, 1024)
********
epoch:55    time:89899.7267832756
train_loss:0.5603830241627723
SHAPE:(1024, 1024)
********
epoch:56    time:91635.24214935303
train_loss:0.5584082060334042
SHAPE:(1024, 1024)
********
epoch:57    time:93368.80662703514
train_loss:0.5575689814244466
SHAPE:(1024, 1024)
********
epoch:58    time:95100.6248395443
train_loss:0.5581999788293123
SHAPE:(1024, 1024)
********
epoch:59    time:96813.65362095833
train_loss:0.5555792955276074
SHAPE:(1024, 1024)
********
epoch:60    time:98528.76339197159
train_loss:0.5547690838890398
SHAPE:(1024, 1024)
********
epoch:61    time:100246.71934485435
train_loss:0.5544845281645309
SHAPE:(1024, 1024)
********
epoch:62    time:101946.5052587986
train_loss:0.5530287542283913
SHAPE:(1024, 1024)
********
epoch:63    time:103640.68613862991
train_loss:0.5537833085413589
SHAPE:(1024, 1024)
********
epoch:64    time:105330.8315858841
train_loss:0.550609293372132
SHAPE:(1024, 1024)
********
epoch:65    time:107024.35826253891
train_loss:0.5493190294608127
SHAPE:(1024, 1024)
********
epoch:66    time:108721.69241380692
train_loss:0.5499984090694917
SHAPE:(1024, 1024)
********
epoch:67    time:110415.93491101265
train_loss:0.5486651609866362
SHAPE:(1024, 1024)
********
epoch:68    time:112108.37396621704
train_loss:0.5476007375700781
SHAPE:(1024, 1024)
********
epoch:69    time:113791.67297172546
train_loss:0.5460845470018921
SHAPE:(1024, 1024)
********
epoch:70    time:115473.99194335938
train_loss:0.545706471558227
SHAPE:(1024, 1024)
********
epoch:71    time:117156.02334880829
train_loss:0.5450640676531303
SHAPE:(1024, 1024)
********
epoch:72    time:118825.12301802635
train_loss:0.5447307021670186
SHAPE:(1024, 1024)
********
epoch:73    time:120470.70927262306
train_loss:0.5436304658493835
SHAPE:(1024, 1024)
********
epoch:74    time:122122.12270569801
train_loss:0.5413709265705647
SHAPE:(1024, 1024)
********
epoch:75    time:123764.72657847404
train_loss:0.5423784453665983
SHAPE:(1024, 1024)
********
epoch:76    time:125413.79060125351
train_loss:0.540076164107368
SHAPE:(1024, 1024)
********
epoch:77    time:127060.7716319561
train_loss:0.54050004694918
SHAPE:(1024, 1024)
********
epoch:78    time:128701.72532081604
train_loss:0.540788937706587
SHAPE:(1024, 1024)
********
epoch:79    time:130339.82559657097
train_loss:0.5390708946148386
SHAPE:(1024, 1024)
********
epoch:80    time:131967.32006716728
train_loss:0.5388580791132395
SHAPE:(1024, 1024)
********
epoch:81    time:133582.34740519524
train_loss:0.5368567303957194
SHAPE:(1024, 1024)
********
epoch:82    time:135198.9401152134
train_loss:0.537298582037458
SHAPE:(1024, 1024)
********
epoch:83    time:136823.71755886078
train_loss:0.5362519204427526
SHAPE:(1024, 1024)
********
epoch:84    time:138451.24373698235
train_loss:0.5355776855151069
SHAPE:(1024, 1024)
********
epoch:85    time:140084.93290686607
train_loss:0.5353017750158748
SHAPE:(1024, 1024)
********
epoch:86    time:141721.85186076164
train_loss:0.5346203382436115
SHAPE:(1024, 1024)
********
epoch:87    time:143366.0898797512
train_loss:0.5334390794846523
SHAPE:(1024, 1024)
********
epoch:88    time:145040.66490149498
train_loss:0.5339559014673969
SHAPE:(1024, 1024)
********
epoch:89    time:146711.779597044
train_loss:0.5316020368143569
SHAPE:(1024, 1024)
********
epoch:90    time:148387.85108423233
train_loss:0.532033493919554
SHAPE:(1024, 1024)
********
epoch:91    time:150063.38687872887
train_loss:0.5308147652377916
SHAPE:(1024, 1024)
********
epoch:92    time:151744.1890144348
train_loss:0.5300677835027713
SHAPE:(1024, 1024)
********
epoch:93    time:153421.3999531269
train_loss:0.5286158652342147
SHAPE:(1024, 1024)
********
epoch:94    time:155109.9336528778
train_loss:0.5297104075204494
SHAPE:(1024, 1024)
********
epoch:95    time:156816.71972179413
train_loss:0.5272119183242951
SHAPE:(1024, 1024)
********
epoch:96    time:158522.9484682083
train_loss:0.5269779300683397
SHAPE:(1024, 1024)
********
epoch:97    time:160242.8781785965
train_loss:0.5263070283619092
SHAPE:(1024, 1024)
********
epoch:98    time:161969.19898962975
train_loss:0.5254995737216941
SHAPE:(1024, 1024)
********
epoch:99    time:163716.57127475739
train_loss:0.5252006615474663
SHAPE:(1024, 1024)
********
epoch:100    time:165482.64213490486
train_loss:0.5238235845263992
SHAPE:(1024, 1024)
********
epoch:101    time:167238.4666364193
train_loss:0.5249799321116151
SHAPE:(1024, 1024)
********
epoch:102    time:169018.0631196499
train_loss:0.5189913522144957
SHAPE:(1024, 1024)
********
epoch:103    time:170773.42964172363
train_loss:0.5143920546574774
SHAPE:(1024, 1024)
********
epoch:104    time:172530.74020504951
train_loss:0.5128681722863028
SHAPE:(1024, 1024)
********
epoch:105    time:174315.21487379074
train_loss:0.5107287256712641
SHAPE:(1024, 1024)
********
epoch:106    time:176118.5330004692
train_loss:0.5099207120169796
SHAPE:(1024, 1024)
********
epoch:107    time:177909.40450572968
train_loss:0.5102626946587391
SHAPE:(1024, 1024)
********
epoch:108    time:179690.11357283592
train_loss:0.5100857493394777
SHAPE:(1024, 1024)
********
epoch:109    time:181496.34364771843
train_loss:0.5098521583900644
SHAPE:(1024, 1024)
********
epoch:110    time:183296.2755792141
train_loss:0.5083510712907506
SHAPE:(1024, 1024)
********
epoch:111    time:185102.31778097153
train_loss:0.5081476669829441
SHAPE:(1024, 1024)
********
epoch:112    time:186893.05140209198
train_loss:0.5080355561986156
SHAPE:(1024, 1024)
********
epoch:113    time:188676.99247050285
train_loss:0.5082954301579558
SHAPE:(1024, 1024)
********
epoch:114    time:190476.73280358315
train_loss:0.50723789722893
SHAPE:(1024, 1024)
********
epoch:115    time:192278.47509026527
train_loss:0.508050949736075
SHAPE:(1024, 1024)
********
epoch:116    time:194080.44185733795
train_loss:0.5073906630435151
SHAPE:(1024, 1024)
********
epoch:117    time:195887.49049973488
train_loss:0.5070143903253195
SHAPE:(1024, 1024)
********
epoch:118    time:197699.6003742218
train_loss:0.5069171361089635
SHAPE:(1024, 1024)
********
epoch:119    time:199501.43148708344
train_loss:0.5060232890096452
SHAPE:(1024, 1024)
********
epoch:120    time:201302.39460492134
train_loss:0.5068753932388086
SHAPE:(1024, 1024)
********
epoch:121    time:203099.88938212395
train_loss:0.5071123815899672
SHAPE:(1024, 1024)
********
epoch:122    time:204910.6323182583
train_loss:0.5062535283634199
SHAPE:(1024, 1024)
********
epoch:123    time:206710.69473481178
train_loss:0.5071486655551838
SHAPE:(1024, 1024)
********
epoch:124    time:208494.30815815926
train_loss:0.506564127167108
SHAPE:(1024, 1024)
********
epoch:125    time:210271.5153336525
train_loss:0.5071379318675834
SHAPE:(1024, 1024)
********
epoch:126    time:212028.92914795876
train_loss:0.5068130633984761
SHAPE:(1024, 1024)
********
epoch:127    time:213796.14007425308
train_loss:0.5059461344120114
SHAPE:(1024, 1024)
********
epoch:128    time:215542.39396333694
train_loss:0.5064759599182747
SHAPE:(1024, 1024)
********
epoch:129    time:217287.38858509064
train_loss:0.5054764894189718
SHAPE:(1024, 1024)
********
epoch:130    time:219034.20464468002
train_loss:0.5064105250524163
SHAPE:(1024, 1024)
********
epoch:131    time:220783.53740859032
train_loss:0.506042504222398
SHAPE:(1024, 1024)
********
epoch:132    time:222529.31371688843
train_loss:0.5056999414985957
SHAPE:(1024, 1024)
********
epoch:133    time:224277.93143582344
train_loss:0.5064495598255454
SHAPE:(1024, 1024)
********
epoch:134    time:226037.34446120262
train_loss:0.5058202042025819
SHAPE:(1024, 1024)
********
epoch:135    time:227799.52372694016
train_loss:0.5061025853814207
SHAPE:(1024, 1024)
********
epoch:136    time:229571.50727295876
train_loss:0.5063513642763738
SHAPE:(1024, 1024)
********
epoch:137    time:231367.8528175354
train_loss:0.506122290135123
SHAPE:(1024, 1024)
********
epoch:138    time:233155.5176000595
train_loss:0.5064922500771901
SHAPE:(1024, 1024)
********
epoch:139    time:234962.75760412216
train_loss:0.5065205637089923
SHAPE:(1024, 1024)
********
epoch:140    time:236768.16921758652
train_loss:0.506167284372493
SHAPE:(1024, 1024)
********
epoch:141    time:238584.16321897507
train_loss:0.5066155025904829
SHAPE:(1024, 1024)
********
epoch:142    time:240407.1312084198
train_loss:0.5067555578327078
SHAPE:(1024, 1024)
********
epoch:143    time:242221.04835414886
train_loss:0.5064614344915931
SHAPE:(1024, 1024)
********
epoch:144    time:244064.07484531403
train_loss:0.5062737919657981
SHAPE:(1024, 1024)
********
epoch:145    time:245911.37359929085
train_loss:0.505013708867936
SHAPE:(1024, 1024)
********
epoch:146    time:247779.245970726
train_loss:0.5052461556412957
SHAPE:(1024, 1024)
********
epoch:147    time:249641.18041181564
train_loss:0.5067340722090976
SHAPE:(1024, 1024)
********
epoch:148    time:251527.30291748047
train_loss:0.5060309300841035
SHAPE:(1024, 1024)
********
epoch:149    time:253411.91129875183
train_loss:0.5068902825546819
SHAPE:(1024, 1024)
********
epoch:150    time:255308.38517904282
train_loss:0.506291830356983
SHAPE:(1024, 1024)
Finish!