********
epoch:1    time:1354.9400227069855
train_loss:0.7776657437421303
SHAPE:(1024, 1024)
********
epoch:2    time:2704.91472530365
train_loss:0.7022612830801191
SHAPE:(1024, 1024)
********
epoch:3    time:4055.418079137802
train_loss:0.6827237054737123
SHAPE:(1024, 1024)
********
epoch:4    time:5405.63886141777
train_loss:0.6714362372303614
SHAPE:(1024, 1024)
********
epoch:5    time:6755.940616130829
train_loss:0.6617322894596902
SHAPE:(1024, 1024)
********
epoch:6    time:8109.055908441544
train_loss:0.65457672167404
SHAPE:(1024, 1024)
********
epoch:7    time:9461.132976055145
train_loss:0.6484804943707982
SHAPE:(1024, 1024)
********
epoch:8    time:10810.024195432663
train_loss:0.6435952031587193
SHAPE:(1024, 1024)
********
epoch:9    time:12158.712851047516
train_loss:0.6367944620596934
SHAPE:(1024, 1024)
********
epoch:10    time:13506.787729501724
train_loss:0.6331459169628504
SHAPE:(1024, 1024)
********
epoch:11    time:14854.669564247131
train_loss:0.6311457778699302
SHAPE:(1024, 1024)
********
epoch:12    time:16203.082926511765
train_loss:0.6257351857568698
SHAPE:(1024, 1024)
********
epoch:13    time:17550.686859369278
train_loss:0.6235483679250985
SHAPE:(1024, 1024)
********
epoch:14    time:18898.138989925385
train_loss:0.6206437027983636
SHAPE:(1024, 1024)
********
epoch:15    time:20245.226275205612
train_loss:0.6178140362240295
SHAPE:(1024, 1024)
********
epoch:16    time:21591.91681408882
train_loss:0.6156270182346945
SHAPE:(1024, 1024)
********
epoch:17    time:22938.397938489914
train_loss:0.6124531307885813
SHAPE:(1024, 1024)
********
epoch:18    time:24285.01704764366
train_loss:0.6100370864566991
SHAPE:(1024, 1024)
********
epoch:19    time:25631.261653900146
train_loss:0.6075358293147218
SHAPE:(1024, 1024)
********
epoch:20    time:26977.24319911003
train_loss:0.6064256094159838
SHAPE:(1024, 1024)
********
epoch:21    time:28322.311987161636
train_loss:0.6031731197622311
SHAPE:(1024, 1024)
********
epoch:22    time:29671.070197343826
train_loss:0.6013868158135808
SHAPE:(1024, 1024)
********
epoch:23    time:31019.63134264946
train_loss:0.6011272624261031
SHAPE:(1024, 1024)
********
epoch:24    time:32368.139934778214
train_loss:0.5976991695499572
SHAPE:(1024, 1024)
********
epoch:25    time:33713.057904958725
train_loss:0.5964590728156914
SHAPE:(1024, 1024)
********
epoch:26    time:35057.993074178696
train_loss:0.5963022577208142
SHAPE:(1024, 1024)
********
epoch:27    time:36402.455624103546
train_loss:0.5938069979969341
SHAPE:(1024, 1024)
********
epoch:28    time:37747.42330241203
train_loss:0.5909436840178095
SHAPE:(1024, 1024)
********
epoch:29    time:39091.702501535416
train_loss:0.5908262893463038
SHAPE:(1024, 1024)
********
epoch:30    time:40436.71076154709
train_loss:0.5887953309188686
SHAPE:(1024, 1024)
********
epoch:31    time:41780.255183935165
train_loss:0.5878961793999591
SHAPE:(1024, 1024)
********
epoch:32    time:43128.211251974106
train_loss:0.5860810234481134
SHAPE:(1024, 1024)
********
epoch:33    time:44479.78208065033
train_loss:0.586211988147167
SHAPE:(1024, 1024)
********
epoch:34    time:45824.31189274788
train_loss:0.5833261359097086
SHAPE:(1024, 1024)
********
epoch:35    time:47169.07973599434
train_loss:0.5814600147259664
SHAPE:(1024, 1024)
********
epoch:36    time:48514.37061691284
train_loss:0.5809851281392145
SHAPE:(1024, 1024)
********
epoch:37    time:49859.30902862549
train_loss:0.5788153136822436
SHAPE:(1024, 1024)
********
epoch:38    time:51204.54650068283
train_loss:0.5781336931736222
SHAPE:(1024, 1024)
********
epoch:39    time:52552.69623064995
train_loss:0.5784175976575303
SHAPE:(1024, 1024)
********
epoch:40    time:53897.147053956985
train_loss:0.5774908049099037
SHAPE:(1024, 1024)
********
epoch:41    time:55242.82561969757
train_loss:0.5748798165620004
SHAPE:(1024, 1024)
********
epoch:42    time:56588.16469454765
train_loss:0.5735453092207616
SHAPE:(1024, 1024)
********
epoch:43    time:57933.594556331635
train_loss:0.5716014875859086
SHAPE:(1024, 1024)
********
epoch:44    time:59279.675077199936
train_loss:0.570629710989195
SHAPE:(1024, 1024)
********
epoch:45    time:60625.57855272293
train_loss:0.5705241350650031
SHAPE:(1024, 1024)
********
epoch:46    time:61971.78168320656
train_loss:0.5687649349817891
SHAPE:(1024, 1024)
********
epoch:47    time:63317.610998392105
train_loss:0.5680785059503597
SHAPE:(1024, 1024)
********
epoch:48    time:64664.535682439804
train_loss:0.5665270730254514
SHAPE:(1024, 1024)
********
epoch:49    time:66010.92869353294
train_loss:0.5662989158332978
SHAPE:(1024, 1024)
********
epoch:50    time:67357.84950685501
train_loss:0.5657703544133309
SHAPE:(1024, 1024)
********
epoch:51    time:68704.48595619202
train_loss:0.5646829909583982
SHAPE:(1024, 1024)
********
epoch:52    time:70050.89104533195
train_loss:0.5629794033240314
SHAPE:(1024, 1024)
********
epoch:53    time:71400.89406561852
train_loss:0.5608376285364461
SHAPE:(1024, 1024)
********
epoch:54    time:72747.48037648201
train_loss:0.5611793816593686
SHAPE:(1024, 1024)
********
epoch:55    time:74092.54841446877
train_loss:0.5594006499263752
SHAPE:(1024, 1024)
********
epoch:56    time:75438.24318504333
train_loss:0.5593693842028462
SHAPE:(1024, 1024)
********
epoch:57    time:76783.69086694717
train_loss:0.5579029387197837
SHAPE:(1024, 1024)
********
epoch:58    time:78132.85282897949
train_loss:0.5584348419929281
SHAPE:(1024, 1024)
********
epoch:59    time:79477.50757288933
train_loss:0.5555528988136298
SHAPE:(1024, 1024)
********
epoch:60    time:80822.67928767204
train_loss:0.5557288457944706
SHAPE:(1024, 1024)
********
epoch:61    time:82170.89059638977
train_loss:0.5535917221145197
SHAPE:(1024, 1024)
********
epoch:62    time:83516.59200310707
train_loss:0.5534749440297516
SHAPE:(1024, 1024)
********
epoch:63    time:84861.94551301003
train_loss:0.5524917970437077
SHAPE:(1024, 1024)
********
epoch:64    time:86206.9720864296
train_loss:0.5524206222300801
SHAPE:(1024, 1024)
********
epoch:65    time:87551.90872263908
train_loss:0.5512960115427951
SHAPE:(1024, 1024)
********
epoch:66    time:88896.83021259308
train_loss:0.5502357670828606
SHAPE:(1024, 1024)
********
epoch:67    time:90241.36446142197
train_loss:0.5488097264921691
SHAPE:(1024, 1024)
********
epoch:68    time:91586.34723830223
train_loss:0.5482165037514544
SHAPE:(1024, 1024)
********
epoch:69    time:92930.70967841148
train_loss:0.5477586271316128
SHAPE:(1024, 1024)
********
epoch:70    time:94275.14228796959
train_loss:0.5468265651065628
SHAPE:(1024, 1024)
********
epoch:71    time:95620.01979327202
train_loss:0.546331578562426
SHAPE:(1024, 1024)
********
epoch:72    time:96963.9717912674
train_loss:0.546849603238998
SHAPE:(1024, 1024)
********
epoch:73    time:98306.79531526566
train_loss:0.5443492021419534
SHAPE:(1024, 1024)
********
epoch:74    time:99651.2799577713
train_loss:0.5433446315075832
SHAPE:(1024, 1024)
********
epoch:75    time:100995.45578837395
train_loss:0.5424283359034369
SHAPE:(1024, 1024)
********
epoch:76    time:102339.89921069145
train_loss:0.5425003004156006
SHAPE:(1024, 1024)
********
epoch:77    time:103682.98148846626
train_loss:0.5416228984646011
SHAPE:(1024, 1024)
********
epoch:78    time:105026.69360423088
train_loss:0.5417782086839635
SHAPE:(1024, 1024)
********
epoch:79    time:106369.32729625702
train_loss:0.539865750669803
SHAPE:(1024, 1024)
********
epoch:80    time:107713.80452275276
train_loss:0.5408868520790376
SHAPE:(1024, 1024)
********
epoch:81    time:109057.28363013268
train_loss:0.5392023933929319
SHAPE:(1024, 1024)
********
epoch:82    time:110401.79063916206
train_loss:0.5384264944345704
SHAPE:(1024, 1024)
********
epoch:83    time:111746.235881567
train_loss:0.5368748227524203
SHAPE:(1024, 1024)
********
epoch:84    time:113090.30361413956
train_loss:0.5355334965547598
SHAPE:(1024, 1024)
********
epoch:85    time:114434.51040792465
train_loss:0.5361031046723966
SHAPE:(1024, 1024)
********
epoch:86    time:115777.69968056679
train_loss:0.5353312736680341
SHAPE:(1024, 1024)
********
epoch:87    time:117120.75623774529
train_loss:0.5346316102632257
SHAPE:(1024, 1024)
********
epoch:88    time:118464.21394109726
train_loss:0.5334626580125812
SHAPE:(1024, 1024)
********
epoch:89    time:119813.72764849663
train_loss:0.5337659350062778
SHAPE:(1024, 1024)
********
epoch:90    time:121156.38310456276
train_loss:0.5329457185532401
SHAPE:(1024, 1024)
********
epoch:91    time:122499.44661736488
train_loss:0.5315452144022472
SHAPE:(1024, 1024)
********
epoch:92    time:123842.49149250984
train_loss:0.5300340090758201
SHAPE:(1024, 1024)
********
epoch:93    time:125185.69541549683
train_loss:0.5296387935478641
SHAPE:(1024, 1024)
********
epoch:94    time:126528.38640880585
train_loss:0.5294664990920849
SHAPE:(1024, 1024)
********
epoch:95    time:127871.04865217209
train_loss:0.5291245451342732
SHAPE:(1024, 1024)
********
epoch:96    time:129214.05341219902
train_loss:0.528539935359239
SHAPE:(1024, 1024)
********
epoch:97    time:130556.80093932152
train_loss:0.5278589965236111
SHAPE:(1024, 1024)
********
epoch:98    time:131899.61079144478
train_loss:0.5270203860913725
SHAPE:(1024, 1024)
********
epoch:99    time:133242.8050532341
train_loss:0.5264851354283082
SHAPE:(1024, 1024)
********
epoch:100    time:134589.34135746956
train_loss:0.5248904656028143
SHAPE:(1024, 1024)
********
epoch:101    time:135932.1297328472
train_loss:0.5243549971953507
SHAPE:(1024, 1024)
********
epoch:102    time:137274.6264615059
train_loss:0.5148793143982237
SHAPE:(1024, 1024)
********
epoch:103    time:138617.45592951775
train_loss:0.5092952015551779
SHAPE:(1024, 1024)
********
epoch:104    time:139959.94875574112
train_loss:0.5070817162052396
SHAPE:(1024, 1024)
********
epoch:105    time:141302.77915787697
train_loss:0.5055113588371186
SHAPE:(1024, 1024)
********
epoch:106    time:142645.76746702194
train_loss:0.5044811719489022
SHAPE:(1024, 1024)
********
epoch:107    time:143989.0482196808
train_loss:0.503907968492954
SHAPE:(1024, 1024)
********
epoch:108    time:145332.93095493317
train_loss:0.503740619293101
SHAPE:(1024, 1024)
********
epoch:109    time:146676.54271149635
train_loss:0.5020864155009609
SHAPE:(1024, 1024)
********
epoch:110    time:148020.15522432327
train_loss:0.5021977559929166
SHAPE:(1024, 1024)
********
epoch:111    time:149364.27511906624
train_loss:0.5017954499773823
SHAPE:(1024, 1024)
********
epoch:112    time:150708.34797525406
train_loss:0.5010168161125063
SHAPE:(1024, 1024)
********
epoch:113    time:152052.4298582077
train_loss:0.5016833838807856
SHAPE:(1024, 1024)
********
epoch:114    time:153396.48532891273
train_loss:0.5003450921880392
SHAPE:(1024, 1024)
********
epoch:115    time:154740.26575636864
train_loss:0.4996042776199148
SHAPE:(1024, 1024)
********
epoch:116    time:156084.1158978939
train_loss:0.49940117143771867
SHAPE:(1024, 1024)
********
epoch:117    time:157427.95286870003
train_loss:0.4995737632708998
SHAPE:(1024, 1024)
********
epoch:118    time:158772.1232638359
train_loss:0.49950124265086576
SHAPE:(1024, 1024)
********
epoch:119    time:160116.55255317688
train_loss:0.4986527167638689
SHAPE:(1024, 1024)
********
epoch:120    time:161460.74460840225
train_loss:0.4991773101038459
SHAPE:(1024, 1024)
********
epoch:121    time:162805.55720210075
train_loss:0.49878185694489874
SHAPE:(1024, 1024)
********
epoch:122    time:164150.72767448425
train_loss:0.49801522472885146
SHAPE:(1024, 1024)
********
epoch:123    time:165495.47444319725
train_loss:0.49717694450855004
SHAPE:(1024, 1024)
********
epoch:124    time:166840.38636636734
train_loss:0.4978309465654935
SHAPE:(1024, 1024)
********
epoch:125    time:168185.85871577263
train_loss:0.49752424054052563
SHAPE:(1024, 1024)
********
epoch:126    time:169534.24124836922
train_loss:0.49799091206670565
SHAPE:(1024, 1024)
********
epoch:127    time:170885.96610927582
train_loss:0.49676397017520274
SHAPE:(1024, 1024)
********
epoch:128    time:172231.29104685783
train_loss:0.4972403212027116
SHAPE:(1024, 1024)
********
epoch:129    time:173577.11269712448
train_loss:0.49700501346153386
SHAPE:(1024, 1024)
********
epoch:130    time:174922.4687526226
train_loss:0.4970897886563431
SHAPE:(1024, 1024)
********
epoch:131    time:176267.8697025776
train_loss:0.49621780908195967
SHAPE:(1024, 1024)
********
epoch:132    time:177613.10639333725
train_loss:0.49638564247504097
SHAPE:(1024, 1024)
********
epoch:133    time:178958.3672401905
train_loss:0.49628929712713143
SHAPE:(1024, 1024)
********
epoch:134    time:180303.93992757797
train_loss:0.4964677507006593
SHAPE:(1024, 1024)
********
epoch:135    time:181649.15281677246
train_loss:0.49604028030190356
SHAPE:(1024, 1024)
********
epoch:136    time:182994.91659116745
train_loss:0.49623973202157223
SHAPE:(1024, 1024)
********
epoch:137    time:184340.57360339165
train_loss:0.4962803780103209
SHAPE:(1024, 1024)
********
epoch:138    time:185686.20988488197
train_loss:0.496422174396525
SHAPE:(1024, 1024)
********
epoch:139    time:187031.72263765335
train_loss:0.49656989890097564
SHAPE:(1024, 1024)
********
epoch:140    time:188377.1096405983
train_loss:0.4955747418074099
SHAPE:(1024, 1024)
********
epoch:141    time:189722.38081002235
train_loss:0.4956669257067727
SHAPE:(1024, 1024)
********
epoch:142    time:191068.1422598362
train_loss:0.49541406598076004
SHAPE:(1024, 1024)
********
epoch:143    time:192413.3369655609
train_loss:0.4956499717767344
SHAPE:(1024, 1024)
********
epoch:144    time:193758.92476391792
train_loss:0.4959834230390336
SHAPE:(1024, 1024)
********
epoch:145    time:195104.81432271004
train_loss:0.4955422349951484
SHAPE:(1024, 1024)
********
epoch:146    time:196450.8248758316
train_loss:0.4966266996386691
SHAPE:(1024, 1024)
********
epoch:147    time:197796.55895400047
train_loss:0.495711191480558
SHAPE:(1024, 1024)
********
epoch:148    time:199142.22572374344
train_loss:0.4953847749682486
SHAPE:(1024, 1024)
********
epoch:149    time:200491.1122751236
train_loss:0.49493454494385586
SHAPE:(1024, 1024)
********
epoch:150    time:201836.81532931328
train_loss:0.4949698820552665
SHAPE:(1024, 1024)
********
epoch:151    time:203182.74590158463
train_loss:0.4957183006260914
SHAPE:(1024, 1024)
********
epoch:152    time:204527.97763490677
train_loss:0.4955654729779881
SHAPE:(1024, 1024)
********
epoch:153    time:205873.56991028786
train_loss:0.49505510811258824
SHAPE:(1024, 1024)
********
epoch:154    time:207218.67248415947
train_loss:0.49500279998836005
SHAPE:(1024, 1024)
********
epoch:155    time:208563.69048571587
train_loss:0.49519486869458923
SHAPE:(1024, 1024)
********
epoch:156    time:209908.87786340714
train_loss:0.49476558024390555
SHAPE:(1024, 1024)
********
epoch:157    time:211253.972792387
train_loss:0.4951373247496674
SHAPE:(1024, 1024)
********
epoch:158    time:212599.05357980728
train_loss:0.49490522925621866
SHAPE:(1024, 1024)
********
epoch:159    time:213943.91348338127
train_loss:0.4948903148162945
SHAPE:(1024, 1024)
********
epoch:160    time:215288.5843758583
train_loss:0.4962255455963077
SHAPE:(1024, 1024)
********
epoch:161    time:216633.54331588745
train_loss:0.4953496429368255
SHAPE:(1024, 1024)
********
epoch:162    time:217978.3308582306
train_loss:0.4943795398854302
SHAPE:(1024, 1024)
********
epoch:163    time:219323.00868487358
train_loss:0.49475244771350513
SHAPE:(1024, 1024)
********
epoch:164    time:220667.74310350418
train_loss:0.4955478764078078
SHAPE:(1024, 1024)
********
epoch:165    time:222012.91418766975
train_loss:0.49580600100862804
SHAPE:(1024, 1024)
********
epoch:166    time:223358.23644065857
train_loss:0.4949713811026315
SHAPE:(1024, 1024)
********
epoch:167    time:224703.2424468994
train_loss:0.49497900729168043
SHAPE:(1024, 1024)
********
epoch:168    time:226048.14762806892
train_loss:0.4963538174145318
SHAPE:(1024, 1024)
********
epoch:169    time:227393.3798956871
train_loss:0.4961285271364841
SHAPE:(1024, 1024)
********
epoch:170    time:228738.54613780975
train_loss:0.49470533903129005
SHAPE:(1024, 1024)
********
epoch:171    time:230083.73782205582
train_loss:0.4948626255683491
SHAPE:(1024, 1024)
********
epoch:172    time:231429.23131132126
train_loss:0.4946426552805034
SHAPE:(1024, 1024)
********
epoch:173    time:232773.78811264038
train_loss:0.493844982803687
SHAPE:(1024, 1024)
********
epoch:174    time:234127.30549287796
train_loss:0.4949348795899125
SHAPE:(1024, 1024)
********
epoch:175    time:235474.1254582405
train_loss:0.49497502149884093
SHAPE:(1024, 1024)
********
epoch:176    time:236828.3413734436
train_loss:0.4955835943651754
SHAPE:(1024, 1024)
********
epoch:177    time:238173.86531090736
train_loss:0.49524793897540825
SHAPE:(1024, 1024)
********
epoch:178    time:239519.72578573227
train_loss:0.49535052315282774
SHAPE:(1024, 1024)
********
epoch:179    time:240865.50430703163
train_loss:0.4954080699881968
SHAPE:(1024, 1024)
********
epoch:180    time:242211.16800546646
train_loss:0.49542829429781965
SHAPE:(1024, 1024)
********
epoch:181    time:243556.85704636574
train_loss:0.4950695614513585
SHAPE:(1024, 1024)
********
epoch:182    time:244903.00873160362
train_loss:0.49517290467439695
SHAPE:(1024, 1024)
********
epoch:183    time:246249.6915857792
train_loss:0.49530970684034126
SHAPE:(1024, 1024)
********
epoch:184    time:247595.7404589653
train_loss:0.4956367181547096
SHAPE:(1024, 1024)
********
epoch:185    time:248941.28755259514
train_loss:0.49505037726168905
SHAPE:(1024, 1024)
********
epoch:186    time:250287.1916193962
train_loss:0.4957805091621508
SHAPE:(1024, 1024)
********
epoch:187    time:251633.41796779633
train_loss:0.49556312683268783
SHAPE:(1024, 1024)
********
epoch:188    time:252979.2250945568
train_loss:0.4944225675475648
SHAPE:(1024, 1024)
********
epoch:189    time:254325.39995861053
train_loss:0.4943148067839302
SHAPE:(1024, 1024)
********
epoch:190    time:255672.71763181686
train_loss:0.49516942229192806
SHAPE:(1024, 1024)
********
epoch:191    time:257023.25052070618
train_loss:0.49442245430819076
SHAPE:(1024, 1024)
********
epoch:192    time:258371.7591562271
train_loss:0.4943946022028399
SHAPE:(1024, 1024)
********
epoch:193    time:259719.82153511047
train_loss:0.49584973155349554
SHAPE:(1024, 1024)
********
epoch:194    time:261068.28867268562
train_loss:0.495450841298378
SHAPE:(1024, 1024)
********
epoch:195    time:262425.52786684036
train_loss:0.4948342576559956
SHAPE:(1024, 1024)
********
epoch:196    time:263788.72058677673
train_loss:0.49506163754624494
SHAPE:(1024, 1024)
********
epoch:197    time:265148.18461704254
train_loss:0.49555639454004125
SHAPE:(1024, 1024)
********
epoch:198    time:266502.4901738167
train_loss:0.4960559737370458
SHAPE:(1024, 1024)
********
epoch:199    time:267853.19453787804
train_loss:0.4953988733648246
SHAPE:(1024, 1024)
********
epoch:200    time:269205.9607615471
train_loss:0.49465998703216146
SHAPE:(1024, 1024)
Finish!