********
epoch:1    time:816.383864402771
train_loss:0.5131088553851049
SHAPE:(1024, 1024)
********
epoch:2    time:1693.6994359493256
train_loss:0.5113438933646705
SHAPE:(1024, 1024)
********
epoch:3    time:2567.0100536346436
train_loss:0.5080040742901113
SHAPE:(1024, 1024)
********
epoch:4    time:3445.656331062317
train_loss:0.5044315361888414
SHAPE:(1024, 1024)
********
epoch:5    time:4326.202579259872
train_loss:0.5029622312265017
SHAPE:(1024, 1024)
********
epoch:6    time:5245.174664258957
train_loss:0.49971898700293726
SHAPE:(1024, 1024)
********
epoch:7    time:6102.247430086136
train_loss:0.4972774774844248
SHAPE:(1024, 1024)
********
epoch:8    time:6938.182807683945
train_loss:0.4950832954546866
SHAPE:(1024, 1024)
********
epoch:9    time:7774.783811330795
train_loss:0.49277163244957145
SHAPE:(1024, 1024)
********
epoch:10    time:8624.699607849121
train_loss:0.490569685056144
SHAPE:(1024, 1024)
********
epoch:11    time:9458.418626308441
train_loss:0.48800245727595515
SHAPE:(1024, 1024)
********
epoch:12    time:10326.29468178749
train_loss:0.4873699215703484
SHAPE:(1024, 1024)
********
epoch:13    time:11179.60324048996
train_loss:0.48479548827538277
SHAPE:(1024, 1024)
********
epoch:14    time:12016.676688432693
train_loss:0.4824497770620451
SHAPE:(1024, 1024)
********
epoch:15    time:12851.462695360184
train_loss:0.482009674353529
SHAPE:(1024, 1024)
********
epoch:16    time:13710.390182971954
train_loss:0.48061564564704895
SHAPE:(1024, 1024)
********
epoch:17    time:14570.284480333328
train_loss:0.4787159695370757
SHAPE:(1024, 1024)
********
epoch:18    time:15453.122918844223
train_loss:0.47831274808461266
SHAPE:(1024, 1024)
********
epoch:19    time:16337.636254549026
train_loss:0.47736400854133904
SHAPE:(1024, 1024)
********
epoch:20    time:17221.23967385292
train_loss:0.4751803614435438
SHAPE:(1024, 1024)
********
epoch:21    time:18106.12051463127
train_loss:0.47511140457167433
SHAPE:(1024, 1024)
********
epoch:22    time:18990.49250793457
train_loss:0.4746116162858604
SHAPE:(1024, 1024)
********
epoch:23    time:19879.201129198074
train_loss:0.47296977616515773
SHAPE:(1024, 1024)
********
epoch:24    time:20742.69116973877
train_loss:0.47274270187472694
SHAPE:(1024, 1024)
********
epoch:25    time:21601.716388702393
train_loss:0.47264951278492967
SHAPE:(1024, 1024)
********
epoch:26    time:22454.323971033096
train_loss:0.4709872824256062
SHAPE:(1024, 1024)
********
epoch:27    time:23300.85803461075
train_loss:0.47117311127846134
SHAPE:(1024, 1024)
********
epoch:28    time:24143.22280716896
train_loss:0.47166698802475193
SHAPE:(1024, 1024)
********
epoch:29    time:24986.541304826736
train_loss:0.4716147448686414
SHAPE:(1024, 1024)
********
epoch:30    time:25814.95010447502
train_loss:0.4708935369837864
SHAPE:(1024, 1024)
********
epoch:31    time:26632.34006500244
train_loss:0.4700901211568215
SHAPE:(1024, 1024)
********
epoch:32    time:27473.126127958298
train_loss:0.4704339750599407
SHAPE:(1024, 1024)
********
epoch:33    time:28309.473577976227
train_loss:0.46970413234596775
SHAPE:(1024, 1024)
********
epoch:34    time:29141.939182519913
train_loss:0.4695484069890754
SHAPE:(1024, 1024)
********
epoch:35    time:29972.248550653458
train_loss:0.4694046028446697
SHAPE:(1024, 1024)
********
epoch:36    time:30796.623141527176
train_loss:0.4701398090945742
SHAPE:(1024, 1024)
********
epoch:37    time:31622.00697040558
train_loss:0.4695926845136707
SHAPE:(1024, 1024)
********
epoch:38    time:32454.8510389328
train_loss:0.4696085436336586
SHAPE:(1024, 1024)
********
epoch:39    time:33288.09380912781
train_loss:0.46885788418651886
SHAPE:(1024, 1024)
********
epoch:40    time:34113.10247182846
train_loss:0.4694771056258401
SHAPE:(1024, 1024)
********
epoch:41    time:34946.528970718384
train_loss:0.46933269913428427
SHAPE:(1024, 1024)
********
epoch:42    time:35774.51160764694
train_loss:0.46894306750932657
SHAPE:(1024, 1024)
********
epoch:43    time:36598.451132297516
train_loss:0.4696092449963471
SHAPE:(1024, 1024)
********
epoch:44    time:37406.62233066559
train_loss:0.46934745295355235
SHAPE:(1024, 1024)
********
epoch:45    time:38229.74991440773
train_loss:0.46906278491902303
SHAPE:(1024, 1024)
********
epoch:46    time:39046.55134010315
train_loss:0.4696736853042062
SHAPE:(1024, 1024)
********
epoch:47    time:39855.2367208004
train_loss:0.469610431513121
SHAPE:(1024, 1024)
********
epoch:48    time:40657.85681223869
train_loss:0.4696076428222354
SHAPE:(1024, 1024)
********
epoch:49    time:41465.796670913696
train_loss:0.4694548608384727
SHAPE:(1024, 1024)
********
epoch:50    time:42291.28117084503
train_loss:0.4692616906276969
SHAPE:(1024, 1024)
Finish!